# JRE version: Java(TM) SE Runtime Environment (8.0_202-b08) (build 1.8.0_202-b08)
# Java VM: Java HotSpot(TM) 64-Bit Server VM (25.202-b08 mixed mode windows-amd64 compressed oops)
Heap:
 PSYoungGen      total 118272K, used 4606K [0x000000076ae00000, 0x0000000779300000, 0x00000007c0000000)
  eden space 109056K, 4% used [0x000000076ae00000,0x000000076b27fac8,0x0000000771880000)
  from space 9216K, 0% used [0x0000000771880000,0x0000000771880000,0x0000000772180000)
  to   space 9216K, 0% used [0x0000000778a00000,0x0000000778a00000,0x0000000779300000)
 ParOldGen       total 192512K, used 72333K [0x00000006c0a00000, 0x00000006cc600000, 0x000000076ae00000)
  object space 192512K, 37% used [0x00000006c0a00000,0x00000006c50a3668,0x00000006cc600000)
 Metaspace       used 22935K, capacity 23258K, committed 23424K, reserved 1071104K
  class space    used 2272K, capacity 2396K, committed 2432K, reserved 1048576K
GC Heap History (10 events):
Event: 7.137 GC heap before
{Heap before GC invocations=5 (full 1):
 PSYoungGen      total 76288K, used 6086K [0x000000076ae00000, 0x0000000770300000, 0x00000007c0000000)
  eden space 65536K, 0% used [0x000000076ae00000,0x000000076ae00000,0x000000076ee00000)
  from space 10752K, 56% used [0x000000076f880000,0x000000076fe71a18,0x0000000770300000)
  to   space 10752K, 0% used [0x000000076ee00000,0x000000076ee00000,0x000000076f880000)
 ParOldGen       total 175104K, used 40K [0x00000006c0a00000, 0x00000006cb500000, 0x000000076ae00000)
  object space 175104K, 0% used [0x00000006c0a00000,0x00000006c0a0a000,0x00000006cb500000)
 Metaspace       used 20886K, capacity 21052K, committed 21296K, reserved 1069056K
  class space    used 2063K, capacity 2143K, committed 2176K, reserved 1048576K
Event: 7.162 GC heap after
Heap after GC invocations=5 (full 1):
 PSYoungGen      total 76288K, used 0K [0x000000076ae00000, 0x0000000770300000, 0x00000007c0000000)
  eden space 65536K, 0% used [0x000000076ae00000,0x000000076ae00000,0x000000076ee00000)
  from space 10752K, 0% used [0x000000076f880000,0x000000076f880000,0x0000000770300000)
  to   space 10752K, 0% used [0x000000076ee00000,0x000000076ee00000,0x000000076f880000)
 ParOldGen       total 90624K, used 5852K [0x00000006c0a00000, 0x00000006c6280000, 0x000000076ae00000)
  object space 90624K, 6% used [0x00000006c0a00000,0x00000006c0fb7380,0x00000006c6280000)
 Metaspace       used 20886K, capacity 21052K, committed 21296K, reserved 1069056K
  class space    used 2063K, capacity 2143K, committed 2176K, reserved 1048576K
}
Event: 8.309 GC heap before
{Heap before GC invocations=6 (full 1):
 PSYoungGen      total 76288K, used 33508K [0x000000076ae00000, 0x0000000770300000, 0x00000007c0000000)
  eden space 65536K, 51% used [0x000000076ae00000,0x000000076ceb91a0,0x000000076ee00000)
  from space 10752K, 0% used [0x000000076f880000,0x000000076f880000,0x0000000770300000)
  to   space 10752K, 0% used [0x000000076ee00000,0x000000076ee00000,0x000000076f880000)
 ParOldGen       total 90624K, used 5852K [0x00000006c0a00000, 0x00000006c6280000, 0x000000076ae00000)
  object space 90624K, 6% used [0x00000006c0a00000,0x00000006c0fb7380,0x00000006c6280000)
 Metaspace       used 22142K, capacity 22462K, committed 22832K, reserved 1069056K
  class space    used 2234K, capacity 2354K, committed 2432K, reserved 1048576K
Event: 8.311 GC heap after
Heap after GC invocations=6 (full 1):
 PSYoungGen      total 76288K, used 1184K [0x000000076ae00000, 0x0000000772a00000, 0x00000007c0000000)
  eden space 65536K, 0% used [0x000000076ae00000,0x000000076ae00000,0x000000076ee00000)
  from space 10752K, 11% used [0x000000076ee00000,0x000000076ef28000,0x000000076f880000)
  to   space 8704K, 0% used [0x0000000772180000,0x0000000772180000,0x0000000772a00000)
 ParOldGen       total 90624K, used 5860K [0x00000006c0a00000, 0x00000006c6280000, 0x000000076ae00000)
  object space 90624K, 6% used [0x00000006c0a00000,0x00000006c0fb9380,0x00000006c6280000)
 Metaspace       used 22142K, capacity 22462K, committed 22832K, reserved 1069056K
  class space    used 2234K, capacity 2354K, committed 2432K, reserved 1048576K
}
Event: 8.314 GC heap before
{Heap before GC invocations=7 (full 1):
 PSYoungGen      total 76288K, used 34818K [0x000000076ae00000, 0x0000000772a00000, 0x00000007c0000000)
  eden space 65536K, 51% used [0x000000076ae00000,0x000000076ced88f8,0x000000076ee00000)
  from space 10752K, 11% used [0x000000076ee00000,0x000000076ef28000,0x000000076f880000)
  to   space 8704K, 0% used [0x0000000772180000,0x0000000772180000,0x0000000772a00000)
 ParOldGen       total 90624K, used 5860K [0x00000006c0a00000, 0x00000006c6280000, 0x000000076ae00000)
  object space 90624K, 6% used [0x00000006c0a00000,0x00000006c0fb9380,0x00000006c6280000)
 Metaspace       used 22153K, capacity 22468K, committed 22832K, reserved 1069056K
  class space    used 2235K, capacity 2355K, committed 2432K, reserved 1048576K
Event: 8.332 GC heap after
Heap after GC invocations=7 (full 1):
 PSYoungGen      total 117760K, used 640K [0x000000076ae00000, 0x0000000773f80000, 0x00000007c0000000)
  eden space 109056K, 0% used [0x000000076ae00000,0x000000076ae00000,0x0000000771880000)
  from space 8704K, 7% used [0x0000000772180000,0x0000000772220000,0x0000000772a00000)
  to   space 9216K, 0% used [0x0000000771880000,0x0000000771880000,0x0000000772180000)
 ParOldGen       total 90624K, used 38268K [0x00000006c0a00000, 0x00000006c6280000, 0x000000076ae00000)
  object space 90624K, 42% used [0x00000006c0a00000,0x00000006c2f5f390,0x00000006c6280000)
 Metaspace       used 22153K, capacity 22468K, committed 22832K, reserved 1069056K
  class space    used 2235K, capacity 2355K, committed 2432K, reserved 1048576K
}
Event: 10.932 GC heap before
{Heap before GC invocations=8 (full 1):
 PSYoungGen      total 117760K, used 109696K [0x000000076ae00000, 0x0000000773f80000, 0x00000007c0000000)
  eden space 109056K, 100% used [0x000000076ae00000,0x0000000771880000,0x0000000771880000)
  from space 8704K, 7% used [0x0000000772180000,0x0000000772220000,0x0000000772a00000)
  to   space 9216K, 0% used [0x0000000771880000,0x0000000771880000,0x0000000772180000)
 ParOldGen       total 90624K, used 38268K [0x00000006c0a00000, 0x00000006c6280000, 0x000000076ae00000)
  object space 90624K, 42% used [0x00000006c0a00000,0x00000006c2f5f390,0x00000006c6280000)
 Metaspace       used 22806K, capacity 23130K, committed 23424K, reserved 1071104K
  class space    used 2270K, capacity 2396K, committed 2432K, reserved 1048576K
Event: 10.950 GC heap after
Heap after GC invocations=8 (full 1):
 PSYoungGen      total 118272K, used 2240K [0x000000076ae00000, 0x0000000779300000, 0x00000007c0000000)
  eden space 109056K, 0% used [0x000000076ae00000,0x000000076ae00000,0x0000000771880000)
  from space 9216K, 24% used [0x0000000771880000,0x0000000771ab0040,0x0000000772180000)
  to   space 9216K, 0% used [0x0000000778a00000,0x0000000778a00000,0x0000000779300000)
 ParOldGen       total 90624K, used 70676K [0x00000006c0a00000, 0x00000006c6280000, 0x000000076ae00000)
  object space 90624K, 77% used [0x00000006c0a00000,0x00000006c4f053a0,0x00000006c6280000)
 Metaspace       used 22806K, capacity 23130K, committed 23424K, reserved 1071104K
  class space    used 2270K, capacity 2396K, committed 2432K, reserved 1048576K
}
Event: 10.950 GC heap before
{Heap before GC invocations=9 (full 2):
 PSYoungGen      total 118272K, used 2240K [0x000000076ae00000, 0x0000000779300000, 0x00000007c0000000)
  eden space 109056K, 0% used [0x000000076ae00000,0x000000076ae00000,0x0000000771880000)
  from space 9216K, 24% used [0x0000000771880000,0x0000000771ab0040,0x0000000772180000)
  to   space 9216K, 0% used [0x0000000778a00000,0x0000000778a00000,0x0000000779300000)
 ParOldGen       total 90624K, used 70676K [0x00000006c0a00000, 0x00000006c6280000, 0x000000076ae00000)
  object space 90624K, 77% used [0x00000006c0a00000,0x00000006c4f053a0,0x00000006c6280000)
 Metaspace       used 22806K, capacity 23130K, committed 23424K, reserved 1071104K
  class space    used 2270K, capacity 2396K, committed 2432K, reserved 1048576K
Event: 11.011 GC heap after
Heap after GC invocations=9 (full 2):
 PSYoungGen      total 118272K, used 0K [0x000000076ae00000, 0x0000000779300000, 0x00000007c0000000)
  eden space 109056K, 0% used [0x000000076ae00000,0x000000076ae00000,0x0000000771880000)
  from space 9216K, 0% used [0x0000000771880000,0x0000000771880000,0x0000000772180000)
  to   space 9216K, 0% used [0x0000000778a00000,0x0000000778a00000,0x0000000779300000)
 ParOldGen       total 192512K, used 72333K [0x00000006c0a00000, 0x00000006cc600000, 0x000000076ae00000)
  object space 192512K, 37% used [0x00000006c0a00000,0x00000006c50a3668,0x00000006cc600000)
 Metaspace       used 22806K, capacity 23130K, committed 23424K, reserved 1071104K
  class space    used 2270K, capacity 2396K, committed 2432K, reserved 1048576K
}

