# JRE version: Java(TM) SE Runtime Environment (8.0_202-b08) (build 1.8.0_202-b08)
# Java VM: Java HotSpot(TM) 64-Bit Server VM (25.202-b08 mixed mode windows-amd64 compressed oops)
Heap:
 PSYoungGen      total 150016K, used 47278K [0x000000076ae00000, 0x00000007a3e80000, 0x00000007c0000000)
  eden space 149504K, 31% used [0x000000076ae00000,0x000000076dc1b898,0x0000000774000000)
  from space 512K, 12% used [0x00000007a3e00000,0x00000007a3e10000,0x00000007a3e80000)
  to   space 512K, 0% used [0x00000007a3d80000,0x00000007a3d80000,0x00000007a3e00000)
 ParOldGen       total 175104K, used 85104K [0x00000006c0a00000, 0x00000006cb500000, 0x000000076ae00000)
  object space 175104K, 48% used [0x00000006c0a00000,0x00000006c5d1c1d0,0x00000006cb500000)
 Metaspace       used 20201K, capacity 20436K, committed 20608K, reserved 1069056K
  class space    used 1812K, capacity 1897K, committed 1920K, reserved 1048576K
GC Heap History (10 events):
Event: 54.769 GC heap before
{Heap before GC invocations=302 (full 0):
 PSYoungGen      total 143872K, used 142489K [0x000000076ae00000, 0x00000007a3e80000, 0x00000007c0000000)
  eden space 143360K, 99% used [0x000000076ae00000,0x000000077390e618,0x0000000773a00000)
  from space 512K, 18% used [0x00000007a3d80000,0x00000007a3d98000,0x00000007a3e00000)
  to   space 512K, 0% used [0x00000007a3e00000,0x00000007a3e00000,0x00000007a3e80000)
 ParOldGen       total 175104K, used 85104K [0x00000006c0a00000, 0x00000006cb500000, 0x000000076ae00000)
  object space 175104K, 48% used [0x00000006c0a00000,0x00000006c5d1c1d0,0x00000006cb500000)
 Metaspace       used 20200K, capacity 20436K, committed 20608K, reserved 1069056K
  class space    used 1812K, capacity 1897K, committed 1920K, reserved 1048576K
Event: 54.770 GC heap after
Heap after GC invocations=302 (full 0):
 PSYoungGen      total 172544K, used 64K [0x000000076ae00000, 0x00000007a3e80000, 0x00000007c0000000)
  eden space 172032K, 0% used [0x000000076ae00000,0x000000076ae00000,0x0000000775600000)
  from space 512K, 12% used [0x00000007a3e00000,0x00000007a3e10000,0x00000007a3e80000)
  to   space 512K, 0% used [0x00000007a3d80000,0x00000007a3d80000,0x00000007a3e00000)
 ParOldGen       total 175104K, used 85104K [0x00000006c0a00000, 0x00000006cb500000, 0x000000076ae00000)
  object space 175104K, 48% used [0x00000006c0a00000,0x00000006c5d1c1d0,0x00000006cb500000)
 Metaspace       used 20200K, capacity 20436K, committed 20608K, reserved 1069056K
  class space    used 1812K, capacity 1897K, committed 1920K, reserved 1048576K
}
Event: 54.887 GC heap before
{Heap before GC invocations=303 (full 0):
 PSYoungGen      total 172544K, used 169309K [0x000000076ae00000, 0x00000007a3e80000, 0x00000007c0000000)
  eden space 172032K, 98% used [0x000000076ae00000,0x0000000775347600,0x0000000775600000)
  from space 512K, 12% used [0x00000007a3e00000,0x00000007a3e10000,0x00000007a3e80000)
  to   space 512K, 0% used [0x00000007a3d80000,0x00000007a3d80000,0x00000007a3e00000)
 ParOldGen       total 175104K, used 85104K [0x00000006c0a00000, 0x00000006cb500000, 0x000000076ae00000)
  object space 175104K, 48% used [0x00000006c0a00000,0x00000006c5d1c1d0,0x00000006cb500000)
 Metaspace       used 20200K, capacity 20436K, committed 20608K, reserved 1069056K
  class space    used 1812K, capacity 1897K, committed 1920K, reserved 1048576K
Event: 54.888 GC heap after
Heap after GC invocations=303 (full 0):
 PSYoungGen      total 166400K, used 64K [0x000000076ae00000, 0x00000007a3e80000, 0x00000007c0000000)
  eden space 165888K, 0% used [0x000000076ae00000,0x000000076ae00000,0x0000000775000000)
  from space 512K, 12% used [0x00000007a3d80000,0x00000007a3d90000,0x00000007a3e00000)
  to   space 512K, 0% used [0x00000007a3e00000,0x00000007a3e00000,0x00000007a3e80000)
 ParOldGen       total 175104K, used 85104K [0x00000006c0a00000, 0x00000006cb500000, 0x000000076ae00000)
  object space 175104K, 48% used [0x00000006c0a00000,0x00000006c5d1c1d0,0x00000006cb500000)
 Metaspace       used 20200K, capacity 20436K, committed 20608K, reserved 1069056K
  class space    used 1812K, capacity 1897K, committed 1920K, reserved 1048576K
}
Event: 55.011 GC heap before
{Heap before GC invocations=304 (full 0):
 PSYoungGen      total 166400K, used 160818K [0x000000076ae00000, 0x00000007a3e80000, 0x00000007c0000000)
  eden space 165888K, 96% used [0x000000076ae00000,0x0000000774afca50,0x0000000775000000)
  from space 512K, 12% used [0x00000007a3d80000,0x00000007a3d90000,0x00000007a3e00000)
  to   space 512K, 0% used [0x00000007a3e00000,0x00000007a3e00000,0x00000007a3e80000)
 ParOldGen       total 175104K, used 85104K [0x00000006c0a00000, 0x00000006cb500000, 0x000000076ae00000)
  object space 175104K, 48% used [0x00000006c0a00000,0x00000006c5d1c1d0,0x00000006cb500000)
 Metaspace       used 20200K, capacity 20436K, committed 20608K, reserved 1069056K
  class space    used 1812K, capacity 1897K, committed 1920K, reserved 1048576K
Event: 55.012 GC heap after
Heap after GC invocations=304 (full 0):
 PSYoungGen      total 160768K, used 96K [0x000000076ae00000, 0x00000007a3e80000, 0x00000007c0000000)
  eden space 160256K, 0% used [0x000000076ae00000,0x000000076ae00000,0x0000000774a80000)
  from space 512K, 18% used [0x00000007a3e00000,0x00000007a3e18000,0x00000007a3e80000)
  to   space 512K, 0% used [0x00000007a3d80000,0x00000007a3d80000,0x00000007a3e00000)
 ParOldGen       total 175104K, used 85104K [0x00000006c0a00000, 0x00000006cb500000, 0x000000076ae00000)
  object space 175104K, 48% used [0x00000006c0a00000,0x00000006c5d1c1d0,0x00000006cb500000)
 Metaspace       used 20200K, capacity 20436K, committed 20608K, reserved 1069056K
  class space    used 1812K, capacity 1897K, committed 1920K, reserved 1048576K
}
Event: 55.119 GC heap before
{Heap before GC invocations=305 (full 0):
 PSYoungGen      total 160768K, used 158001K [0x000000076ae00000, 0x00000007a3e80000, 0x00000007c0000000)
  eden space 160256K, 98% used [0x000000076ae00000,0x0000000774834750,0x0000000774a80000)
  from space 512K, 18% used [0x00000007a3e00000,0x00000007a3e18000,0x00000007a3e80000)
  to   space 512K, 0% used [0x00000007a3d80000,0x00000007a3d80000,0x00000007a3e00000)
 ParOldGen       total 175104K, used 85104K [0x00000006c0a00000, 0x00000006cb500000, 0x000000076ae00000)
  object space 175104K, 48% used [0x00000006c0a00000,0x00000006c5d1c1d0,0x00000006cb500000)
 Metaspace       used 20200K, capacity 20436K, committed 20608K, reserved 1069056K
  class space    used 1812K, capacity 1897K, committed 1920K, reserved 1048576K
Event: 55.120 GC heap after
Heap after GC invocations=305 (full 0):
 PSYoungGen      total 155136K, used 96K [0x000000076ae00000, 0x00000007a3e80000, 0x00000007c0000000)
  eden space 154624K, 0% used [0x000000076ae00000,0x000000076ae00000,0x0000000774500000)
  from space 512K, 18% used [0x00000007a3d80000,0x00000007a3d98000,0x00000007a3e00000)
  to   space 512K, 0% used [0x00000007a3e00000,0x00000007a3e00000,0x00000007a3e80000)
 ParOldGen       total 175104K, used 85104K [0x00000006c0a00000, 0x00000006cb500000, 0x000000076ae00000)
  object space 175104K, 48% used [0x00000006c0a00000,0x00000006c5d1c1d0,0x00000006cb500000)
 Metaspace       used 20200K, capacity 20436K, committed 20608K, reserved 1069056K
  class space    used 1812K, capacity 1897K, committed 1920K, reserved 1048576K
}
Event: 55.225 GC heap before
{Heap before GC invocations=306 (full 0):
 PSYoungGen      total 155136K, used 150969K [0x000000076ae00000, 0x00000007a3e80000, 0x00000007c0000000)
  eden space 154624K, 97% used [0x000000076ae00000,0x0000000774156778,0x0000000774500000)
  from space 512K, 18% used [0x00000007a3d80000,0x00000007a3d98000,0x00000007a3e00000)
  to   space 512K, 0% used [0x00000007a3e00000,0x00000007a3e00000,0x00000007a3e80000)
 ParOldGen       total 175104K, used 85104K [0x00000006c0a00000, 0x00000006cb500000, 0x000000076ae00000)
  object space 175104K, 48% used [0x00000006c0a00000,0x00000006c5d1c1d0,0x00000006cb500000)
 Metaspace       used 20200K, capacity 20436K, committed 20608K, reserved 1069056K
  class space    used 1812K, capacity 1897K, committed 1920K, reserved 1048576K
Event: 55.226 GC heap after
Heap after GC invocations=306 (full 0):
 PSYoungGen      total 150016K, used 64K [0x000000076ae00000, 0x00000007a3e80000, 0x00000007c0000000)
  eden space 149504K, 0% used [0x000000076ae00000,0x000000076ae00000,0x0000000774000000)
  from space 512K, 12% used [0x00000007a3e00000,0x00000007a3e10000,0x00000007a3e80000)
  to   space 512K, 0% used [0x00000007a3d80000,0x00000007a3d80000,0x00000007a3e00000)
 ParOldGen       total 175104K, used 85104K [0x00000006c0a00000, 0x00000006cb500000, 0x000000076ae00000)
  object space 175104K, 48% used [0x00000006c0a00000,0x00000006c5d1c1d0,0x00000006cb500000)
 Metaspace       used 20200K, capacity 20436K, committed 20608K, reserved 1069056K
  class space    used 1812K, capacity 1897K, committed 1920K, reserved 1048576K
}

